<?xml version="1.0" encoding="UTF-8"?>
<!-- Generated by org.testng.reporters.JUnitXMLReporter -->
<testsuite ignored="10" hostname="DESKTOP-EER3MNQ" failures="0" tests="7" name="Test" time="24.239" errors="0" timestamp="2021-09-03T01:44:39 ART">
  <testcase classname="tests.HomePageTests" name="testHomePageTitle" time="2.155"/>
  <testcase classname="tests.AboutPageTests" name="testAboutPageTitle" time="3.122"/>
  <testcase classname="tests.ContactPageTests" name="testAboutPageTitle" time="3.164"/>
  <testcase classname="tests.ProductsPageTests" name="testAboutPageTitle" time="3.113"/>
  <testcase classname="tests.LoginPageTests" name="testLoginPageTitle" time="3.011"/>
  <testcase classname="tests.LoginPageTests" name="loginToMedicare" time="2.327"/>
  <testcase classname="tests.LoginPageTests" name="orderMedicare" time="7.311"/>
  <testcase classname="tests.TestBase" name="@AfterSuite TeardownTest" time="0.0">
    <ignored/>
  </testcase> <!-- @AfterSuite TeardownTest -->
  <testcase classname="tests.TestBase" name="@AfterSuite TeardownTest" time="0.0">
    <ignored/>
  </testcase> <!-- @AfterSuite TeardownTest -->
  <testcase classname="tests.TestBase" name="@AfterSuite TeardownTest" time="0.0">
    <ignored/>
  </testcase> <!-- @AfterSuite TeardownTest -->
  <testcase classname="tests.TestBase" name="@AfterSuite TeardownTest" time="0.0">
    <ignored/>
  </testcase> <!-- @AfterSuite TeardownTest -->
  <testcase classname="tests.TestBase" name="@AfterSuite TeardownTest" time="0.0">
    <ignored/>
  </testcase> <!-- @AfterSuite TeardownTest -->
  <testcase classname="tests.TestBase" name="@BeforeSuite initialize" time="0.0">
    <ignored/>
  </testcase> <!-- @BeforeSuite initialize -->
  <testcase classname="tests.TestBase" name="@BeforeSuite initialize" time="0.0">
    <ignored/>
  </testcase> <!-- @BeforeSuite initialize -->
  <testcase classname="tests.TestBase" name="@BeforeSuite initialize" time="0.0">
    <ignored/>
  </testcase> <!-- @BeforeSuite initialize -->
  <testcase classname="tests.TestBase" name="@BeforeSuite initialize" time="0.0">
    <ignored/>
  </testcase> <!-- @BeforeSuite initialize -->
  <testcase classname="tests.TestBase" name="@BeforeSuite initialize" time="0.0">
    <ignored/>
  </testcase> <!-- @BeforeSuite initialize -->
</testsuite> <!-- Test -->
