<?xml version="1.0" encoding="UTF-8"?>
<testsuite xmlns:xsi="http://www.w3.org/2001/XMLSchema-instance" xsi:noNamespaceSchemaLocation="https://maven.apache.org/surefire/maven-surefire-plugin/xsd/surefire-test-report.xsd" name="TestSuite" time="27.528" tests="7" errors="0" skipped="0" failures="0">
  <properties>
[...]
</properties>
  <testcase name="testHomePageTitle" classname="tests.HomePageTests" time="2.156"/>
  <testcase name="testAboutPageTitle" classname="tests.AboutPageTests" time="3.122"/>
  <testcase name="testAboutPageTitle" classname="tests.ContactPageTests" time="3.164"/>
  <testcase name="testAboutPageTitle" classname="tests.ProductsPageTests" time="3.113"/>
  <testcase name="testLoginPageTitle" classname="tests.LoginPageTests" time="3.011"/>
  <testcase name="loginToMedicare" classname="tests.LoginPageTests" time="2.327"/>
  <testcase name="orderMedicare" classname="tests.LoginPageTests" time="7.311"/>
</testsuite>