<?xml version="1.0" encoding="UTF-8"?>
<testng-results ignored="10" total="17" passed="7" failed="0" skipped="0">
  <reporter-output>
  </reporter-output>
  <suite started-at="2021-09-03T01:44:15 ART" name="Suite" finished-at="2021-09-03T01:44:39 ART" duration-ms="24239">
    <groups>
    </groups>
    <test started-at="2021-09-03T01:44:15 ART" name="Test" finished-at="2021-09-03T01:44:39 ART" duration-ms="24239">
      <class name="tests.TestBase">
        <test-method is-config="true" signature="initialize()[pri:0, instance:tests.TestBase@5e3db14]" started-at="2021-09-03T01:44:13 ART" name="initialize" finished-at="2021-09-03T01:44:15 ART" duration-ms="2059" status="PASS">
          <reporter-output>
          </reporter-output>
        </test-method> <!-- initialize -->
        <test-method is-config="true" signature="TeardownTest()[pri:0, instance:tests.TestBase@5e3db14]" started-at="2021-09-03T01:44:39 ART" name="TeardownTest" finished-at="2021-09-03T01:44:40 ART" duration-ms="622" status="PASS">
          <reporter-output>
          </reporter-output>
        </test-method> <!-- TeardownTest -->
      </class> <!-- tests.TestBase -->
      <class name="tests.ContactPageTests">
        <test-method signature="testAboutPageTitle()[pri:0, instance:tests.ContactPageTests@3a40bb52]" started-at="2021-09-03T01:44:20 ART" name="testAboutPageTitle" finished-at="2021-09-03T01:44:23 ART" duration-ms="3164" status="PASS">
          <reporter-output>
          </reporter-output>
        </test-method> <!-- testAboutPageTitle -->
      </class> <!-- tests.ContactPageTests -->
      <class name="tests.HomePageTests">
        <test-method signature="testHomePageTitle()[pri:0, instance:tests.HomePageTests@2d206a71]" started-at="2021-09-03T01:44:15 ART" name="testHomePageTitle" finished-at="2021-09-03T01:44:17 ART" duration-ms="2155" status="PASS">
          <reporter-output>
          </reporter-output>
        </test-method> <!-- testHomePageTitle -->
      </class> <!-- tests.HomePageTests -->
      <class name="tests.LoginPageTests">
        <test-method signature="testLoginPageTitle()[pri:0, instance:tests.LoginPageTests@1e2445f6]" started-at="2021-09-03T01:44:27 ART" name="testLoginPageTitle" finished-at="2021-09-03T01:44:30 ART" duration-ms="3011" status="PASS">
          <reporter-output>
          </reporter-output>
        </test-method> <!-- testLoginPageTitle -->
        <test-method signature="loginToMedicare()[pri:1, instance:tests.LoginPageTests@1e2445f6]" started-at="2021-09-03T01:44:30 ART" name="loginToMedicare" finished-at="2021-09-03T01:44:32 ART" duration-ms="2327" status="PASS">
          <reporter-output>
          </reporter-output>
        </test-method> <!-- loginToMedicare -->
        <test-method signature="orderMedicare()[pri:2, instance:tests.LoginPageTests@1e2445f6]" started-at="2021-09-03T01:44:32 ART" name="orderMedicare" finished-at="2021-09-03T01:44:39 ART" duration-ms="7311" status="PASS">
          <reporter-output>
          </reporter-output>
        </test-method> <!-- orderMedicare -->
      </class> <!-- tests.LoginPageTests -->
      <class name="tests.ProductsPageTests">
        <test-method signature="testAboutPageTitle()[pri:0, instance:tests.ProductsPageTests@3079c26a]" started-at="2021-09-03T01:44:23 ART" name="testAboutPageTitle" finished-at="2021-09-03T01:44:27 ART" duration-ms="3113" status="PASS">
          <reporter-output>
          </reporter-output>
        </test-method> <!-- testAboutPageTitle -->
      </class> <!-- tests.ProductsPageTests -->
      <class name="tests.AboutPageTests">
        <test-method signature="testAboutPageTitle()[pri:0, instance:tests.AboutPageTests@37e7c4cc]" started-at="2021-09-03T01:44:17 ART" name="testAboutPageTitle" finished-at="2021-09-03T01:44:20 ART" duration-ms="3122" status="PASS">
          <reporter-output>
          </reporter-output>
        </test-method> <!-- testAboutPageTitle -->
      </class> <!-- tests.AboutPageTests -->
    </test> <!-- Test -->
  </suite> <!-- Suite -->
</testng-results>
